This is pdfTeX, Version 3.1415926-2.3-1.40.12 (MiKTeX 2.9 64-bit) (preloaded format=pdflatex 2012.4.28)  19 JAN 2017 13:44
entering extended mode
**heppennames-rm.tex
("E:\user\my documents\University\2016-2017\boruoXuThesis\heppennames-rm.tex"
LaTeX2e <2011/06/27>
Babel <v3.8m> and hyphenation patterns for english, afrikaans, ancientgreek, ar
abic, armenian, assamese, basque, bengali, bokmal, bulgarian, catalan, coptic, 
croatian, czech, danish, dutch, esperanto, estonian, farsi, finnish, french, ga
lician, german, german-x-2009-06-19, greek, gujarati, hindi, hungarian, iceland
ic, indonesian, interlingua, irish, italian, kannada, kurmanji, lao, latin, lat
vian, lithuanian, malayalam, marathi, mongolian, mongolianlmc, monogreek, ngerm
an, ngerman-x-2009-06-19, nynorsk, oriya, panjabi, pinyin, polish, portuguese, 
romanian, russian, sanskrit, serbian, slovak, slovenian, spanish, swedish, swis
sgerman, tamil, telugu, turkish, turkmen, ukenglish, ukrainian, uppersorbian, u
senglishmax, welsh, loaded.
("D:\MiKTeX 2.9\tex\latex\base\article.cls"
Document Class: article 2007/10/19 v1.4h Standard LaTeX document class
("D:\MiKTeX 2.9\tex\latex\base\size12.clo"
File: size12.clo 2007/10/19 v1.4h Standard LaTeX file (size option)
)
\c@part=\count79
\c@section=\count80
\c@subsection=\count81
\c@subsubsection=\count82
\c@paragraph=\count83
\c@subparagraph=\count84
\c@figure=\count85
\c@table=\count86
\abovecaptionskip=\skip41
\belowcaptionskip=\skip42
\bibindent=\dimen102
)
("E:\user\my documents\University\2016-2017\boruoXuThesis\heppennames.sty"
Package: heppennames 2014/12/01 Elementary Particle Naming Scheme (version 2.0)


("D:\MiKTeX 2.9\tex\latex\hepparticles\hepparticles.sty"
Package: hepparticles 2005/02/22 HEP particle typesetting (v1.4)

("D:\MiKTeX 2.9\tex\latex\maybemath\maybemath.sty"
Package: maybemath 2005/2/22

("D:\MiKTeX 2.9\tex\latex\ams\math\amsmath.sty"
Package: amsmath 2000/07/18 v2.13 AMS math features
\@mathmargin=\skip43

For additional information on amsmath, use the `?' option.
("D:\MiKTeX 2.9\tex\latex\ams\math\amstext.sty"
Package: amstext 2000/06/29 v2.01

("D:\MiKTeX 2.9\tex\latex\ams\math\amsgen.sty"
File: amsgen.sty 1999/11/30 v2.0
\@emptytoks=\toks14
\ex@=\dimen103
))
("D:\MiKTeX 2.9\tex\latex\ams\math\amsbsy.sty"
Package: amsbsy 1999/11/29 v1.2d
\pmbraise@=\dimen104
)
("D:\MiKTeX 2.9\tex\latex\ams\math\amsopn.sty"
Package: amsopn 1999/12/14 v2.01 operator names
)
\inf@bad=\count87
LaTeX Info: Redefining \frac on input line 211.
\uproot@=\count88
\leftroot@=\count89
LaTeX Info: Redefining \overline on input line 307.
\classnum@=\count90
\DOTSCASE@=\count91
LaTeX Info: Redefining \ldots on input line 379.
LaTeX Info: Redefining \dots on input line 382.
LaTeX Info: Redefining \cdots on input line 467.
\Mathstrutbox@=\box26
\strutbox@=\box27
\big@size=\dimen105
LaTeX Font Info:    Redeclaring font encoding OML on input line 567.
LaTeX Font Info:    Redeclaring font encoding OMS on input line 568.
\macc@depth=\count92
\c@MaxMatrixCols=\count93
\dotsspace@=\muskip10
\c@parentequation=\count94
\dspbrk@lvl=\count95
\tag@help=\toks15
\row@=\count96
\column@=\count97
\maxfields@=\count98
\andhelp@=\toks16
\eqnshift@=\dimen106
\alignsep@=\dimen107
\tagshift@=\dimen108
\tagwidth@=\dimen109
\totwidth@=\dimen110
\lineht@=\dimen111
\@envbody=\toks17
\multlinegap=\skip44
\multlinetaggap=\skip45
\mathdisplay@stack=\toks18
LaTeX Info: Redefining \[ on input line 2666.
LaTeX Info: Redefining \] on input line 2667.
)
("D:\MiKTeX 2.9\tex\latex\tools\bm.sty"
Package: bm 2004/02/26 v1.1c Bold Symbol Support (DPC/FMi)
\symboldoperators=\mathgroup4
\symboldletters=\mathgroup5
\symboldsymbols=\mathgroup6
LaTeX Font Info:    Redeclaring math alphabet \mathbf on input line 138.
LaTeX Info: Redefining \bm on input line 204.
)))
("D:\MiKTeX 2.9\tex\latex\tools\xspace.sty"
Package: xspace 2009/10/20 v1.13 Space after command names (DPC,MH)
))
("D:\MiKTeX 2.9\tex\latex\a4wide\a4wide.sty"
Package: a4wide 1994/08/30

("D:\MiKTeX 2.9\tex\latex\ntgclass\a4.sty"
Package: a4 2004/04/15 v1.2g A4 based page layout
))
("D:\MiKTeX 2.9\tex\latex\tools\multicol.sty"
Package: multicol 2011/06/27 v1.7a multicolumn formatting (FMi)
\c@tracingmulticols=\count99
\mult@box=\box28
\multicol@leftmargin=\dimen112
\c@unbalance=\count100
\c@collectmore=\count101
\doublecol@number=\count102
\multicoltolerance=\count103
\multicolpretolerance=\count104
\full@width=\dimen113
\page@free=\dimen114
\premulticols=\dimen115
\postmulticols=\dimen116
\multicolsep=\skip46
\multicolbaselineskip=\skip47
\partial@page=\box29
\last@line=\box30
\mult@rightbox=\box31
\mult@grightbox=\box32
\mult@gfirstbox=\box33
\mult@firstbox=\box34
\@tempa=\box35
\@tempa=\box36
\@tempa=\box37
\@tempa=\box38
\@tempa=\box39
\@tempa=\box40
\@tempa=\box41
\@tempa=\box42
\@tempa=\box43
\@tempa=\box44
\@tempa=\box45
\@tempa=\box46
\@tempa=\box47
\@tempa=\box48
\@tempa=\box49
\@tempa=\box50
\@tempa=\box51
\c@columnbadness=\count105
\c@finalcolumnbadness=\count106
\last@try=\dimen117
\multicolovershoot=\dimen118
\multicolundershoot=\dimen119
\mult@nat@firstbox=\box52
\colbreak@box=\box53
\multicol@sort@counter=\count107
)
("D:\MiKTeX 2.9\tex\latex\setspace\setspace.sty"
Package: setspace 2011/12/19 v6.7a set line spacing
)
("D:\MiKTeX 2.9\tex\latex\graphics\color.sty"
Package: color 2005/11/14 v1.0j Standard LaTeX Color (DPC)

("D:\MiKTeX 2.9\tex\latex\00miktex\color.cfg"
File: color.cfg 2007/01/18 v1.5 color configuration of teTeX/TeXLive
)
Package color Info: Driver file: pdftex.def on input line 130.

("D:\MiKTeX 2.9\tex\latex\pdftex-def\pdftex.def"
File: pdftex.def 2011/05/27 v0.06d Graphics/color for pdfTeX

("D:\MiKTeX 2.9\tex\generic\oberdiek\infwarerr.sty"
Package: infwarerr 2010/04/08 v1.3 Providing info/warning/message (HO)
)
("D:\MiKTeX 2.9\tex\generic\oberdiek\ltxcmds.sty"
Package: ltxcmds 2011/04/18 v1.20 LaTeX kernel commands for general use (HO)
)
\Gread@gobject=\count108
))
No file heppennames-rm.aux.
LaTeX Font Info:    Checking defaults for OML/cmm/m/it on input line 17.
LaTeX Font Info:    ... okay on input line 17.
LaTeX Font Info:    Checking defaults for T1/cmr/m/n on input line 17.
LaTeX Font Info:    ... okay on input line 17.
LaTeX Font Info:    Checking defaults for OT1/cmr/m/n on input line 17.
LaTeX Font Info:    ... okay on input line 17.
LaTeX Font Info:    Checking defaults for OMS/cmsy/m/n on input line 17.
LaTeX Font Info:    ... okay on input line 17.
LaTeX Font Info:    Checking defaults for OMX/cmex/m/n on input line 17.
LaTeX Font Info:    ... okay on input line 17.
LaTeX Font Info:    Checking defaults for U/cmr/m/n on input line 17.
LaTeX Font Info:    ... okay on input line 17.
("D:\MiKTeX 2.9\tex\context\base\supp-pdf.mkii"
[Loading MPS to PDF converter (version 2006.09.02).]
\scratchcounter=\count109
\scratchdimen=\dimen120
\scratchbox=\box54
\nofMPsegments=\count110
\nofMParguments=\count111
\everyMPshowfont=\toks19
\MPscratchCnt=\count112
\MPscratchDim=\dimen121
\MPnumerator=\count113
\makeMPintoPDFobject=\count114
\everyMPtoPDFconversion=\toks20
)
LaTeX Font Info:    Try loading font information for OMS+cmr on input line 23.
 ("D:\MiKTeX 2.9\tex\latex\base\omscmr.fd"
File: omscmr.fd 1999/05/25 v2.5h Standard LaTeX font definitions
)
LaTeX Font Info:    Font shape `OMS/cmr/m/n' in size <12> not available
(Font)              Font shape `OMS/cmsy/m/n' tried instead on input line 23.
 [1

{C:/ProgramData/MiKTeX/2.9/pdftex/config/pdftex.map}] [2]
Underfull \hbox (badness 10000) in paragraph at lines 99--100
[]\OT1/cmr/m/n/12 explicitly neu-tral stan-dard/heavy
 []

[3] [4] [5] [6] [7] [8] [9] [10] [11]
LaTeX Font Info:    Font shape `OMS/cmr/bx/n' in size <12> not available
(Font)              Font shape `OMS/cmsy/b/n' tried instead on input line 775.
LaTeX Font Info:    Font shape `OT1/cmtt/bx/n' in size <12> not available
(Font)              Font shape `OT1/cmtt/m/n' tried instead on input line 775.
 [12

] [13] [14] [15] [16] [17] [18]
[19] [20] [21] [22]
LaTeX Font Info:    Font shape `OMS/cmr/m/it' in size <12> not available
(Font)              Font shape `OMS/cmsy/m/n' tried instead on input line 1155.

 [23

] [24] [25] [26] [27] [28] [29] [30] [31] [32] [33]
LaTeX Font Info:    Font shape `OMS/cmr/bx/it' in size <12> not available
(Font)              Font shape `OMS/cmsy/b/n' tried instead on input line 1535.

LaTeX Font Info:    Font shape `OT1/cmtt/bx/it' in size <12> not available
(Font)              Font shape `OT1/cmtt/m/it' tried instead on input line 1535
.

[34

] [35] [36] [37] [38] [39] [40] [41] [42] [43]
LaTeX Font Info:    Try loading font information for OMS+cmss on input line 191
4.
LaTeX Font Info:    No file OMScmss.fd. on input line 1914.


LaTeX Font Warning: Font shape `OMS/cmss/m/n' undefined
(Font)              using `OMS/cmsy/m/n' instead
(Font)              for symbol `textbullet' on input line 1914.

[44] [45] [46] [47] [48] [49] [50] [51] [52] [53] [54]

LaTeX Font Warning: Font shape `OMS/cmss/bx/n' undefined
(Font)              using `OMS/cmss/m/n' instead
(Font)              for symbol `textbullet' on input line 2294.

[55

] [56]
Underfull \hbox (badness 5245) in paragraph at lines 2294--2294
[]\OT1/cmss/bx/n/12 explicitly neu-tral stan-dard/heavy
 []

[57] [58] [59] [60] [61] [62] [63] [64] [65]

LaTeX Font Warning: Font shape `OT1/cmss/m/it' in size <12> not available
(Font)              Font shape `OT1/cmss/m/sl' tried instead on input line 2674
.


LaTeX Font Warning: Font shape `OMS/cmss/m/it' undefined
(Font)              using `OMS/cmss/m/n' instead
(Font)              for symbol `textbullet' on input line 2674.

[66

] [67] [68] [69] [70] [71] [72] [73] [74] [75] [76]

LaTeX Font Warning: Font shape `OT1/cmss/bx/it' undefined
(Font)              using `OT1/cmss/bx/n' instead on input line 3054.


LaTeX Font Warning: Font shape `OMS/cmss/bx/it' undefined
(Font)              using `OMS/cmss/bx/n' instead
(Font)              for symbol `textbullet' on input line 3054.

[77

] [78]
Underfull \hbox (badness 5245) in paragraph at lines 3054--3054
[]\OT1/cmss/bx/n/12 explicitly neu-tral stan-dard/heavy
 []

[79] [80] [81] [82] [83] [84] [85] [86] [87]
("E:\user\my documents\University\2016-2017\boruoXuThesis\heppennames-rm.aux")

LaTeX Font Warning: Some font shapes were not available, defaults substituted.

 ) 
Here is how much of TeX's memory you used:
 2714 strings out of 494045
 28701 string characters out of 3154005
 145907 words of memory out of 3000000
 5984 multiletter control sequences out of 15000+200000
 18515 words of font info for 65 fonts, out of 3000000 for 9000
 715 hyphenation exceptions out of 8191
 51i,37n,58p,298b,410s stack positions out of 5000i,500n,10000p,200000b,50000s
<D:/MiKTeX 2.9/fonts/type1/public/amsfonts/cm/cmbsy10.pfb><D:/MiKTeX 2.9/font
s/type1/public/amsfonts/cmextra/cmbsy8.pfb><D:/MiKTeX 2.9/fonts/type1/public/am
sfonts/cm/cmbx12.pfb><D:/MiKTeX 2.9/fonts/type1/public/amsfonts/cm/cmbx8.pfb><D
:/MiKTeX 2.9/fonts/type1/public/amsfonts/cm/cmbxti10.pfb><D:/MiKTeX 2.9/fonts/t
ype1/public/amsfonts/cm/cmex10.pfb><D:/MiKTeX 2.9/fonts/type1/public/amsfonts/c
m/cmitt10.pfb><D:/MiKTeX 2.9/fonts/type1/public/amsfonts/cm/cmmi12.pfb><D:/MiKT
eX 2.9/fonts/type1/public/amsfonts/cm/cmmi8.pfb><D:/MiKTeX 2.9/fonts/type1/publ
ic/amsfonts/cm/cmmib10.pfb><D:/MiKTeX 2.9/fonts/type1/public/amsfonts/cmextra/c
mmib8.pfb><D:/MiKTeX 2.9/fonts/type1/public/amsfonts/cm/cmr12.pfb><D:/MiKTeX 2.
9/fonts/type1/public/amsfonts/cm/cmr17.pfb><D:/MiKTeX 2.9/fonts/type1/public/am
sfonts/cm/cmr8.pfb><D:/MiKTeX 2.9/fonts/type1/public/amsfonts/cm/cmss12.pfb><D:
/MiKTeX 2.9/fonts/type1/public/amsfonts/cm/cmss17.pfb><D:/MiKTeX 2.9/fonts/type
1/public/amsfonts/cm/cmss8.pfb><D:/MiKTeX 2.9/fonts/type1/public/amsfonts/cm/cm
ssbx10.pfb><D:/MiKTeX 2.9/fonts/type1/public/amsfonts/cm/cmssi12.pfb><D:/MiKTeX
 2.9/fonts/type1/public/amsfonts/cm/cmsy10.pfb><D:/MiKTeX 2.9/fonts/type1/publi
c/amsfonts/cm/cmsy8.pfb><D:/MiKTeX 2.9/fonts/type1/public/amsfonts/cm/cmti12.pf
b><D:/MiKTeX 2.9/fonts/type1/public/amsfonts/cm/cmtt12.pfb>
Output written on heppennames-rm.pdf (87 pages, 412452 bytes).
PDF statistics:
 374 PDF objects out of 1000 (max. 8388607)
 0 named destinations out of 1000 (max. 500000)
 1 words of extra memory for PDF output out of 10000 (max. 10000000)

