\BOOKMARK [0][-]{chapter.1}{Let's make introduction great again}{}% 1
\BOOKMARK [0][-]{chapter.2}{Detector}{}% 2
\BOOKMARK [0][-]{chapter.3}{Reconstruction}{}% 3
\BOOKMARK [1][-]{section.3.1}{Analysis}{chapter.3}% 4
\BOOKMARK [2][-]{subsection.3.1.1}{Jet algorithm}{section.3.1}% 5
\BOOKMARK [2][-]{subsection.3.1.2}{Flavour tagging}{section.3.1}% 6
\BOOKMARK [2][-]{subsection.3.1.3}{MVA}{section.3.1}% 7
\BOOKMARK [2][-]{subsection.3.1.4}{Jargons}{section.3.1}% 8
\BOOKMARK [0][-]{chapter.4}{Photon Reconstruction}{}% 9
\BOOKMARK [0][-]{chapter.5}{Tau Lepton Final State Separation}{}% 10
\BOOKMARK [0][-]{chapter.6}{Double Higgs Bosons Analysis}{}% 11
\BOOKMARK [1][-]{section.6.1}{Motivation}{chapter.6}% 12
\BOOKMARK [1][-]{section.6.2}{Theory}{chapter.6}% 13
\BOOKMARK [1][-]{section.6.3}{Analysis Straggly Overview}{chapter.6}% 14
\BOOKMARK [1][-]{section.6.4}{Monte Carlo Sample Generation}{chapter.6}% 15
\BOOKMARK [1][-]{section.6.5}{Physics object and event reconstruction}{chapter.6}% 16
\BOOKMARK [2][-]{subsection.6.5.1}{Electron and muon identification}{section.6.5}% 17
\BOOKMARK [2][-]{subsection.6.5.2}{Tau identification}{section.6.5}% 18
\BOOKMARK [2][-]{subsection.6.5.3}{Very forward electron identification}{section.6.5}% 19
\BOOKMARK [2][-]{subsection.6.5.4}{Other lepton identification processors}{section.6.5}% 20
\BOOKMARK [1][-]{section.6.6}{Jet reconstruction}{chapter.6}% 21
\BOOKMARK [1][-]{section.6.7}{Jet flavour tagging}{chapter.6}% 22
\BOOKMARK [0][-]{chapter*.17}{Bibliography}{}% 23
\BOOKMARK [0][-]{chapter*.18}{List of figures}{}% 24
\BOOKMARK [0][-]{chapter*.19}{List of tables}{}% 25
